<?xml version="1.0" encoding="UTF-8"?>
<Site BuildName="(empty)"
	BuildStamp="20241023-1956-Experimental"
	Name="ampera-H81M-S2PV"
	Generator="ctest-3.22.1"
	CompilerName="/usr/bin/c++"
	CompilerVersion="11.4.0"
	OSName="Linux"
	Hostname="ampera-H81M-S2PV"
	OSRelease="6.8.0-47-generic"
	OSVersion="#47~22.04.1-Ubuntu SMP PREEMPT_DYNAMIC Wed Oct  2 16:16:55 UTC 2"
	OSPlatform="x86_64"
	Is64Bits="1"
	VendorString="GenuineIntel"
	VendorID="Intel Corporation"
	FamilyID="6"
	ModelID="60"
	ProcessorCacheSize="8192"
	NumberOfLogicalCPU="8"
	NumberOfPhysicalCPU="4"
	TotalVirtualMemory="2047"
	TotalPhysicalMemory="7884"
	LogicalProcessorsPerPhysical="2"
	ProcessorClockFrequency="3691.67"
	>
	<Testing>
		<StartDateTime>Oct 23 17:27 -03</StartDateTime>
		<StartTestTime>1729715231</StartTestTime>
		<TestList/>
		<EndDateTime>Oct 23 17:27 -03</EndDateTime>
		<EndTestTime>1729715231</EndTestTime>
		<ElapsedMinutes>0</ElapsedMinutes>
	</Testing>
</Site>
